[\xharbour.com\xharbour-xbuild\xbuild.prg->MAIN] (744)
Type: C >>>M->__ValToPrg_Object := ERROR():New()
   M->__ValToPrg_Object:PROCNAME := "TMAKEPROJECT:REFRESH"
   M->__ValToPrg_Object:PROCLINE :=       1408
   M->__ValToPrg_Object:MODULENAME := "\xharbour.com\xharbour-xbuild\tproject.prg"
   M->__ValToPrg_Object:AASTACK := Array(4)
      M->__ValToPrg_Object:AASTACK[1] := Array(3)
         M->__ValToPrg_Object:AASTACK[1][1] := "\xharbour.com\xharbour-xbuild\tproject.prg"
         M->__ValToPrg_Object:AASTACK[1][2] := "TMAKEPROJECT:REFRESH"
         M->__ValToPrg_Object:AASTACK[1][3] :=       1408

      M->__ValToPrg_Object:AASTACK[2] := Array(3)
         M->__ValToPrg_Object:AASTACK[2][1] := "\xharbour.com\xharbour-xbuild\tproject.prg"
         M->__ValToPrg_Object:AASTACK[2][2] := "TMAKEPROJECT:CATCHUP"
         M->__ValToPrg_Object:AASTACK[2][3] :=        308

      M->__ValToPrg_Object:AASTACK[3] := Array(3)
         M->__ValToPrg_Object:AASTACK[3][1] := "\xharbour.com\xharbour-xbuild\tproject.prg"
         M->__ValToPrg_Object:AASTACK[3][2] := "TMAKEPROJECT:MAKE"
         M->__ValToPrg_Object:AASTACK[3][3] :=       3270

      M->__ValToPrg_Object:AASTACK[4] := Array(3)
         M->__ValToPrg_Object:AASTACK[4][1] := "\xharbour.com\xharbour-xbuild\xbuild.prg"
         M->__ValToPrg_Object:AASTACK[4][2] := "MAIN"
         M->__ValToPrg_Object:AASTACK[4][3] :=        722


<<<

