
Type: C >>>bcc32.exe -o"obj72\scm.obj" -c  -v -D_XHBSQL_  -I"C:\aulas_xharbour\Devel\xharbour_bcc72\contrib\sqlrdd\include" -I"C:\aulas_xharbour\Devel\hwgui\include" -I"C:\aulas_xharbour\Devel\xharbour_bcc72\include" "obj72\scm.c"<<<

Embarcadero C++ 7.20 for Win32 Copyright (c) 1993-2016 Embarcadero Technologies, Inc.
obj72\scm.c:

Type: C >>>bcc32.exe -o"obj72\atualiza.obj" -c  -v -D_XHBSQL_  -I"C:\aulas_xharbour\Devel\xharbour_bcc72\contrib\sqlrdd\include" -I"C:\aulas_xharbour\Devel\hwgui\include" -I"C:\aulas_xharbour\Devel\xharbour_bcc72\include" "obj72\atualiza.c"<<<

Embarcadero C++ 7.20 for Win32 Copyright (c) 1993-2016 Embarcadero Technologies, Inc.
obj72\atualiza.c:

Type: C >>>bcc32.exe -o"obj72\cadastro.obj" -c  -v -D_XHBSQL_  -I"C:\aulas_xharbour\Devel\xharbour_bcc72\contrib\sqlrdd\include" -I"C:\aulas_xharbour\Devel\hwgui\include" -I"C:\aulas_xharbour\Devel\xharbour_bcc72\include" "obj72\cadastro.c"<<<

Embarcadero C++ 7.20 for Win32 Copyright (c) 1993-2016 Embarcadero Technologies, Inc.
obj72\cadastro.c:

Type: C >>>bcc32.exe -o"obj72\cadsetor.obj" -c  -v -D_XHBSQL_  -I"C:\aulas_xharbour\Devel\xharbour_bcc72\contrib\sqlrdd\include" -I"C:\aulas_xharbour\Devel\hwgui\include" -I"C:\aulas_xharbour\Devel\xharbour_bcc72\include" "obj72\cadsetor.c"<<<

Embarcadero C++ 7.20 for Win32 Copyright (c) 1993-2016 Embarcadero Technologies, Inc.
obj72\cadsetor.c:

Type: C >>>bcc32.exe -o"obj72\carne.obj" -c  -v -D_XHBSQL_  -I"C:\aulas_xharbour\Devel\xharbour_bcc72\contrib\sqlrdd\include" -I"C:\aulas_xharbour\Devel\hwgui\include" -I"C:\aulas_xharbour\Devel\xharbour_bcc72\include" "obj72\carne.c"<<<

Embarcadero C++ 7.20 for Win32 Copyright (c) 1993-2016 Embarcadero Technologies, Inc.
obj72\carne.c:

Type: C >>>bcc32.exe -o"obj72\pesquisa.obj" -c  -v -D_XHBSQL_  -I"C:\aulas_xharbour\Devel\xharbour_bcc72\contrib\sqlrdd\include" -I"C:\aulas_xharbour\Devel\hwgui\include" -I"C:\aulas_xharbour\Devel\xharbour_bcc72\include" "obj72\pesquisa.c"<<<

Embarcadero C++ 7.20 for Win32 Copyright (c) 1993-2016 Embarcadero Technologies, Inc.
obj72\pesquisa.c:

Type: C >>>bcc32.exe -o"obj72\relatorios.obj" -c  -v -D_XHBSQL_  -I"C:\aulas_xharbour\Devel\xharbour_bcc72\contrib\sqlrdd\include" -I"C:\aulas_xharbour\Devel\hwgui\include" -I"C:\aulas_xharbour\Devel\xharbour_bcc72\include" "obj72\relatorios.c"<<<

Embarcadero C++ 7.20 for Win32 Copyright (c) 1993-2016 Embarcadero Technologies, Inc.
obj72\relatorios.c:

Type: C >>>bcc32.exe -o"obj72\scm001.obj" -c  -v -D_XHBSQL_  -I"C:\aulas_xharbour\Devel\xharbour_bcc72\contrib\sqlrdd\include" -I"C:\aulas_xharbour\Devel\hwgui\include" -I"C:\aulas_xharbour\Devel\xharbour_bcc72\include" "obj72\scm001.c"<<<

Embarcadero C++ 7.20 for Win32 Copyright (c) 1993-2016 Embarcadero Technologies, Inc.
obj72\scm001.c:

Type: C >>>bcc32.exe -o"obj72\scm002.obj" -c  -v -D_XHBSQL_  -I"C:\aulas_xharbour\Devel\xharbour_bcc72\contrib\sqlrdd\include" -I"C:\aulas_xharbour\Devel\hwgui\include" -I"C:\aulas_xharbour\Devel\xharbour_bcc72\include" "obj72\scm002.c"<<<

Embarcadero C++ 7.20 for Win32 Copyright (c) 1993-2016 Embarcadero Technologies, Inc.
obj72\scm002.c:

Type: C >>>bcc32.exe -o"obj72\scm003.obj" -c  -v -D_XHBSQL_  -I"C:\aulas_xharbour\Devel\xharbour_bcc72\contrib\sqlrdd\include" -I"C:\aulas_xharbour\Devel\hwgui\include" -I"C:\aulas_xharbour\Devel\xharbour_bcc72\include" "obj72\scm003.c"<<<

Embarcadero C++ 7.20 for Win32 Copyright (c) 1993-2016 Embarcadero Technologies, Inc.
obj72\scm003.c:

Type: C >>>bcc32.exe -o"obj72\scm004.obj" -c  -v -D_XHBSQL_  -I"C:\aulas_xharbour\Devel\xharbour_bcc72\contrib\sqlrdd\include" -I"C:\aulas_xharbour\Devel\hwgui\include" -I"C:\aulas_xharbour\Devel\xharbour_bcc72\include" "obj72\scm004.c"<<<

Embarcadero C++ 7.20 for Win32 Copyright (c) 1993-2016 Embarcadero Technologies, Inc.
obj72\scm004.c:

Type: C >>>ilink32.exe -Gn -s   -aa -L"C:\aulas_xharbour\Devel\xharbour_bcc72\contrib\sqlrdd\lib" -L"" -L"C:\aulas_xharbour\Devel\xharbour_bcc72\lib" -L"C:\aulas_xharbour\Devel\bcc72\lib" -L"C:\aulas_xharbour\Devel\bcc72\lib\psdk" c0w32.obj "obj72\scm.obj" "obj72\atualiza.obj" "obj72\cadastro.obj" "obj72\cadsetor.obj" "obj72\carne.obj" "obj72\errorsys.obj" "obj72\pesquisa.obj" "obj72\relatorios.obj" "obj72\rotina.obj" "obj72\scm001.obj" "obj72\scm002.obj" "obj72\scm003.obj" "obj72\scm004.obj" , "scm_sql_debug.exe", , "C:\aulas_xharbour\Devel\hwgui\lib\hwgui_xhb72.lib" "C:\aulas_xharbour\Devel\hwgui\lib\hwguidebug_xhb72.lib" "C:\aulas_xharbour\Devel\xharbour_bcc72\contrib\sqlrdd\lib\BC5\sql.lib" "C:\aulas_xharbour\Devel\xharbour_bcc72\contrib\sqlrdd\lib\BC5\libpq.lib" "C:\aulas_xharbour\Devel\xharbour_bcc72\contrib\sqlrdd\lib\BC5\odbccp32.lib" "C:\aulas_xharbour\Devel\xharbour_bcc72\lib\rddsql.lib" "C:\aulas_xharbour\Devel\xharbour_bcc72\lib\sddodbc.lib" "C:\aulas_xharbour\Devel\xharbour_bcc72\lib\gdlib.lib" "C:\aulas_xharbour\Devel\xharbour_bcc72\lib\libbgd.lib" "C:\aulas_xharbour\Devel\xharbour_bcc72\lib\hbhpdf.lib" "C:\aulas_xharbour\Devel\xharbour_bcc72\lib\pdflib.lib" "C:\aulas_xharbour\Devel\xharbour_bcc72\lib\hbmzip.lib" "C:\aulas_xharbour\Devel\xharbour_bcc72\lib\hbzip.lib" "C:\aulas_xharbour\devel\xharbour_bcc72\lib\tipssl.lib" "C:\aulas_xharbour\devel\xharbour_bcc72\lib\ssleay32.lib" "C:\aulas_xharbour\devel\xharbour_bcc72\lib\libeay32.lib" "C:\aulas_xharbour\Devel\xharbour_bcc72\lib\tip.lib" "C:\aulas_xharbour\Devel\xharbour_bcc72\lib\codepage.lib" "C:\aulas_xharbour\Devel\xharbour_bcc72\lib\libfi.lib" "C:\aulas_xharbour\Devel\xharbour_bcc72\lib\png.lib" "C:\aulas_xharbour\Devel\xharbour_bcc72\contrib\syg_pgsql\syg_pgsql.lib" "gtgui.lib" "vm.lib" "rtl.lib" "macro.lib" "pp.lib" "common.lib" "lang.lib" "rdd.lib" "dbfntx.lib" "dbfnsx.lib" "dbfcdx.lib" "dbffpt.lib" "debug.lib" "pcrepos.lib" "hsx.lib" "hbsix.lib" "ct.lib" "zlib.lib" "codepage.lib" cw32.lib import32.lib odbc32.lib , , "obj72\scm.res" <<<

Turbo Incremental Link 6.75 Copyright (c) 1997-2016 Embarcadero Technologies, Inc.
