
Type: C >>>harbour.exe -o"objdbf\scm.c" -m -n -pOobjdbf\ -q -gc0  -I"C:\aulas_xharbour\Devel\hwgui\include"  -I"C:\aulas_xharbour\Devel\xharbour_bcc72\include" "source\scm.prg"<<<

xHarbour 1.2.3 Intl. (SimpLex) (Build 20170228)
Copyright 1999-2017, http://www.xharbour.org http://www.harbour-project.org/

Type: C >>>bcc32.exe -o"objdbf\scm.obj" -c   -I"C:\aulas_xharbour\Devel\hwgui\include" -I"C:\aulas_xharbour\Devel\xharbour_bcc72\include" "objdbf\scm.c"<<<

Embarcadero C++ 7.20 for Win32 Copyright (c) 1993-2016 Embarcadero Technologies, Inc.
objdbf\scm.c:

Type: C >>>harbour.exe -o"objdbf\atualiza.c" -m -n -pOobjdbf\ -q -gc0  -I"C:\aulas_xharbour\Devel\hwgui\include"  -I"C:\aulas_xharbour\Devel\xharbour_bcc72\include" "source\atualiza.prg"<<<

xHarbour 1.2.3 Intl. (SimpLex) (Build 20170228)
Copyright 1999-2017, http://www.xharbour.org http://www.harbour-project.org/

Type: C >>>bcc32.exe -o"objdbf\atualiza.obj" -c   -I"C:\aulas_xharbour\Devel\hwgui\include" -I"C:\aulas_xharbour\Devel\xharbour_bcc72\include" "objdbf\atualiza.c"<<<

Embarcadero C++ 7.20 for Win32 Copyright (c) 1993-2016 Embarcadero Technologies, Inc.
objdbf\atualiza.c:

Type: C >>>harbour.exe -o"objdbf\cadastro.c" -m -n -pOobjdbf\ -q -gc0  -I"C:\aulas_xharbour\Devel\hwgui\include"  -I"C:\aulas_xharbour\Devel\xharbour_bcc72\include" "source\cadastro.prg"<<<

xHarbour 1.2.3 Intl. (SimpLex) (Build 20170228)
Copyright 1999-2017, http://www.xharbour.org http://www.harbour-project.org/

Type: C >>>bcc32.exe -o"objdbf\cadastro.obj" -c   -I"C:\aulas_xharbour\Devel\hwgui\include" -I"C:\aulas_xharbour\Devel\xharbour_bcc72\include" "objdbf\cadastro.c"<<<

Embarcadero C++ 7.20 for Win32 Copyright (c) 1993-2016 Embarcadero Technologies, Inc.
objdbf\cadastro.c:

Type: C >>>harbour.exe -o"objdbf\cadsetor.c" -m -n -pOobjdbf\ -q -gc0  -I"C:\aulas_xharbour\Devel\hwgui\include"  -I"C:\aulas_xharbour\Devel\xharbour_bcc72\include" "source\cadsetor.prg"<<<

xHarbour 1.2.3 Intl. (SimpLex) (Build 20170228)
Copyright 1999-2017, http://www.xharbour.org http://www.harbour-project.org/

Type: C >>>bcc32.exe -o"objdbf\cadsetor.obj" -c   -I"C:\aulas_xharbour\Devel\hwgui\include" -I"C:\aulas_xharbour\Devel\xharbour_bcc72\include" "objdbf\cadsetor.c"<<<

Embarcadero C++ 7.20 for Win32 Copyright (c) 1993-2016 Embarcadero Technologies, Inc.
objdbf\cadsetor.c:

Type: C >>>harbour.exe -o"objdbf\carne.c" -m -n -pOobjdbf\ -q -gc0  -I"C:\aulas_xharbour\Devel\hwgui\include"  -I"C:\aulas_xharbour\Devel\xharbour_bcc72\include" "source\carne.prg"<<<

xHarbour 1.2.3 Intl. (SimpLex) (Build 20170228)
Copyright 1999-2017, http://www.xharbour.org http://www.harbour-project.org/

Type: C >>>bcc32.exe -o"objdbf\carne.obj" -c   -I"C:\aulas_xharbour\Devel\hwgui\include" -I"C:\aulas_xharbour\Devel\xharbour_bcc72\include" "objdbf\carne.c"<<<

Embarcadero C++ 7.20 for Win32 Copyright (c) 1993-2016 Embarcadero Technologies, Inc.
objdbf\carne.c:

Type: C >>>harbour.exe -o"objdbf\errorsys.c" -m -n -pOobjdbf\ -q -gc0  -I"C:\aulas_xharbour\Devel\hwgui\include"  -I"C:\aulas_xharbour\Devel\xharbour_bcc72\include" "source\errorsys.prg"<<<

xHarbour 1.2.3 Intl. (SimpLex) (Build 20170228)
Copyright 1999-2017, http://www.xharbour.org http://www.harbour-project.org/

Type: C >>>bcc32.exe -o"objdbf\errorsys.obj" -c   -I"C:\aulas_xharbour\Devel\hwgui\include" -I"C:\aulas_xharbour\Devel\xharbour_bcc72\include" "objdbf\errorsys.c"<<<

Embarcadero C++ 7.20 for Win32 Copyright (c) 1993-2016 Embarcadero Technologies, Inc.
objdbf\errorsys.c:

Type: C >>>harbour.exe -o"objdbf\pesquisa.c" -m -n -pOobjdbf\ -q -gc0  -I"C:\aulas_xharbour\Devel\hwgui\include"  -I"C:\aulas_xharbour\Devel\xharbour_bcc72\include" "source\pesquisa.prg"<<<

xHarbour 1.2.3 Intl. (SimpLex) (Build 20170228)
Copyright 1999-2017, http://www.xharbour.org http://www.harbour-project.org/

Type: C >>>bcc32.exe -o"objdbf\pesquisa.obj" -c   -I"C:\aulas_xharbour\Devel\hwgui\include" -I"C:\aulas_xharbour\Devel\xharbour_bcc72\include" "objdbf\pesquisa.c"<<<

Embarcadero C++ 7.20 for Win32 Copyright (c) 1993-2016 Embarcadero Technologies, Inc.
objdbf\pesquisa.c:

Type: C >>>harbour.exe -o"objdbf\relatorios.c" -m -n -pOobjdbf\ -q -gc0  -I"C:\aulas_xharbour\Devel\hwgui\include"  -I"C:\aulas_xharbour\Devel\xharbour_bcc72\include" "source\relatorios.prg"<<<

xHarbour 1.2.3 Intl. (SimpLex) (Build 20170228)
Copyright 1999-2017, http://www.xharbour.org http://www.harbour-project.org/

Type: C >>>bcc32.exe -o"objdbf\relatorios.obj" -c   -I"C:\aulas_xharbour\Devel\hwgui\include" -I"C:\aulas_xharbour\Devel\xharbour_bcc72\include" "objdbf\relatorios.c"<<<

Embarcadero C++ 7.20 for Win32 Copyright (c) 1993-2016 Embarcadero Technologies, Inc.
objdbf\relatorios.c:

Type: C >>>harbour.exe -o"objdbf\rotina.c" -m -n -pOobjdbf\ -q -gc0  -I"C:\aulas_xharbour\Devel\hwgui\include"  -I"C:\aulas_xharbour\Devel\xharbour_bcc72\include" "source\rotina.prg"<<<

xHarbour 1.2.3 Intl. (SimpLex) (Build 20170228)
Copyright 1999-2017, http://www.xharbour.org http://www.harbour-project.org/

Type: C >>>bcc32.exe -o"objdbf\rotina.obj" -c   -I"C:\aulas_xharbour\Devel\hwgui\include" -I"C:\aulas_xharbour\Devel\xharbour_bcc72\include" "objdbf\rotina.c"<<<

Embarcadero C++ 7.20 for Win32 Copyright (c) 1993-2016 Embarcadero Technologies, Inc.
objdbf\rotina.c:

Type: C >>>harbour.exe -o"objdbf\scm001.c" -m -n -pOobjdbf\ -q -gc0  -I"C:\aulas_xharbour\Devel\hwgui\include"  -I"C:\aulas_xharbour\Devel\xharbour_bcc72\include" "source\scm001.prg"<<<

xHarbour 1.2.3 Intl. (SimpLex) (Build 20170228)
Copyright 1999-2017, http://www.xharbour.org http://www.harbour-project.org/

Type: C >>>bcc32.exe -o"objdbf\scm001.obj" -c   -I"C:\aulas_xharbour\Devel\hwgui\include" -I"C:\aulas_xharbour\Devel\xharbour_bcc72\include" "objdbf\scm001.c"<<<

Embarcadero C++ 7.20 for Win32 Copyright (c) 1993-2016 Embarcadero Technologies, Inc.
objdbf\scm001.c:

Type: C >>>harbour.exe -o"objdbf\scm002.c" -m -n -pOobjdbf\ -q -gc0  -I"C:\aulas_xharbour\Devel\hwgui\include"  -I"C:\aulas_xharbour\Devel\xharbour_bcc72\include" "source\scm002.prg"<<<

xHarbour 1.2.3 Intl. (SimpLex) (Build 20170228)
Copyright 1999-2017, http://www.xharbour.org http://www.harbour-project.org/

Type: C >>>bcc32.exe -o"objdbf\scm002.obj" -c   -I"C:\aulas_xharbour\Devel\hwgui\include" -I"C:\aulas_xharbour\Devel\xharbour_bcc72\include" "objdbf\scm002.c"<<<

Embarcadero C++ 7.20 for Win32 Copyright (c) 1993-2016 Embarcadero Technologies, Inc.
objdbf\scm002.c:

Type: C >>>harbour.exe -o"objdbf\scm003.c" -m -n -pOobjdbf\ -q -gc0  -I"C:\aulas_xharbour\Devel\hwgui\include"  -I"C:\aulas_xharbour\Devel\xharbour_bcc72\include" "source\scm003.prg"<<<

xHarbour 1.2.3 Intl. (SimpLex) (Build 20170228)
Copyright 1999-2017, http://www.xharbour.org http://www.harbour-project.org/

Type: C >>>bcc32.exe -o"objdbf\scm003.obj" -c   -I"C:\aulas_xharbour\Devel\hwgui\include" -I"C:\aulas_xharbour\Devel\xharbour_bcc72\include" "objdbf\scm003.c"<<<

Embarcadero C++ 7.20 for Win32 Copyright (c) 1993-2016 Embarcadero Technologies, Inc.
objdbf\scm003.c:

Type: C >>>harbour.exe -o"objdbf\scm004.c" -m -n -pOobjdbf\ -q -gc0  -I"C:\aulas_xharbour\Devel\hwgui\include"  -I"C:\aulas_xharbour\Devel\xharbour_bcc72\include" "source\scm004.prg"<<<

xHarbour 1.2.3 Intl. (SimpLex) (Build 20170228)
Copyright 1999-2017, http://www.xharbour.org http://www.harbour-project.org/

Type: C >>>bcc32.exe -o"objdbf\scm004.obj" -c   -I"C:\aulas_xharbour\Devel\hwgui\include" -I"C:\aulas_xharbour\Devel\xharbour_bcc72\include" "objdbf\scm004.c"<<<

Embarcadero C++ 7.20 for Win32 Copyright (c) 1993-2016 Embarcadero Technologies, Inc.
objdbf\scm004.c:

Type: C >>>brc32.exe -fo"objdbf\scm.res" -32 -r   -i"C:\aulas_xharbour\Devel\hwgui\include"  -i"C:\aulas_xharbour\Devel\bcc72\include" -i"C:\aulas_xharbour\Devel\bcc72\PlatformSDK\Include" "source\scm.rc"<<<

Borland Resource Compiler  Version 5.40
Copyright (c) 1990, 1999 Inprise Corporation.  All rights reserved.

Type: C >>>ilink32.exe -Gn -s  -aa -L"C:\aulas_xharbour\Devel\xharbour_bcc72\lib" -L"C:\aulas_xharbour\Devel\bcc72\lib" -L"C:\aulas_xharbour\Devel\bcc72\lib\psdk" c0w32.obj "objdbf\scm.obj" "objdbf\atualiza.obj" "objdbf\cadastro.obj" "objdbf\cadsetor.obj" "objdbf\carne.obj" "objdbf\errorsys.obj" "objdbf\pesquisa.obj" "objdbf\relatorios.obj" "objdbf\rotina.obj" "objdbf\scm001.obj" "objdbf\scm002.obj" "objdbf\scm003.obj" "objdbf\scm004.obj" , "scm_dbf.exe", , "C:\aulas_xharbour\Devel\hwgui\lib\hwgui_xhb72.lib" "C:\aulas_xharbour\Devel\xharbour_bcc72\contrib\sqlrdd\lib\BC5\sql.lib" "C:\aulas_xharbour\Devel\xharbour_bcc72\contrib\sqlrdd\lib\BC5\libpq.lib" "C:\aulas_xharbour\Devel\xharbour_bcc72\contrib\sqlrdd\lib\BC5\odbccp32.lib" "C:\aulas_xharbour\Devel\xharbour_bcc72\lib\pdflib.lib" "C:\aulas_xharbour\Devel\xharbour_bcc72\lib\tip.lib" "C:\aulas_xharbour\Devel\xharbour_bcc72\lib\hbmzip.lib" "C:\aulas_xharbour\Devel\xharbour_bcc72\lib\hbzip.lib" "C:\aulas_xharbour\Devel\xharbour_bcc72\lib\bmdbfcdx.lib" "C:\aulas_xharbour\Devel\xharbour_bcc72\lib\dbfcdx.lib" "gtgui.lib" "vm.lib" "rtl.lib" "macro.lib" "pp.lib" "common.lib" "lang.lib" "rdd.lib" "dbfntx.lib" "dbfnsx.lib" "dbfcdx.lib" "dbffpt.lib" "debug.lib" "pcrepos.lib" "hsx.lib" "hbsix.lib" "ct.lib" "zlib.lib" "codepage.lib" cw32.lib import32.lib odbc32.lib , , "objdbf\scm.res" <<<

Turbo Incremental Link 6.75 Copyright (c) 1997-2016 Embarcadero Technologies, Inc.
